

*******************************************************************************
Sat Apr 18 13:02:55 2026


FIT:    data read from '++' using (x):(0)
        format = x:z
        x range restricted to [-3.00000 : 50.0000]


*******************************************************************************
Sat Apr 18 13:04:27 2026


FIT:    data read from '++' using (x):(0)
        format = x:z
        x range restricted to [-3.00000 : 50.0000]


*******************************************************************************
Sat Apr 18 13:06:09 2026


FIT:    data read from '++' using (x):(0)
        format = x:z
        x range restricted to [-3.00000 : 50.0000]


*******************************************************************************
Sat Apr 18 13:06:48 2026


FIT:    data read from '++' using (0):(0)
        format = x:z
        x range restricted to [-3.00000 : 50.0000]
        #datapoints = 20000
        residuals are weighted equally (unit weight)

function used for fitting: g(x)
	g(x) = f1(x0) - yval
	f1(x) = 6.6*(0.5)**(x/14)
fitted parameters initialized with current variable values

iter      chisq       delta/lim  lambda   x0           
   0 6.4667212902e-01   0.00e+00  1.89e+00    3.800000e+01
   6 9.8607613153e-28   0.00e+00  1.89e+01    3.811452e+01

After 6 iterations the fit converged.
final sum of squares of residuals : 9.86076e-28
rel. change during last iteration : 0

degrees of freedom    (FIT_NDF)                        : 19999
rms of residuals      (FIT_STDFIT) = sqrt(WSSR/ndf)    : 2.2205e-16
variance of residuals (reduced chisquare) = WSSR/ndf   : 4.93063e-32

Final set of parameters            Asymptotic Standard Error
=======================            ==========================
x0              = 38.1145          +/- 3.174e-17    (8.328e-17%)


*******************************************************************************
Sat Apr 18 13:09:07 2026


FIT:    data read from '++' using (0):(0)
        format = x:z
        x range restricted to [-3.00000 : 50.0000]
        #datapoints = 20000
        residuals are weighted equally (unit weight)

function used for fitting: g(x)
	g(x) = f1(x0) - yval
	f1(x) = 6.6*(0.5)**(x/14)
fitted parameters initialized with current variable values

iter      chisq       delta/lim  lambda   x0           
   0 6.4667212902e-01   0.00e+00  1.89e+00    3.800000e+01
   6 9.8607613153e-28   0.00e+00  1.89e+01    3.811452e+01

After 6 iterations the fit converged.
final sum of squares of residuals : 9.86076e-28
rel. change during last iteration : 0

degrees of freedom    (FIT_NDF)                        : 19999
rms of residuals      (FIT_STDFIT) = sqrt(WSSR/ndf)    : 2.2205e-16
variance of residuals (reduced chisquare) = WSSR/ndf   : 4.93063e-32

Final set of parameters            Asymptotic Standard Error
=======================            ==========================
x0              = 38.1145          +/- 3.174e-17    (8.328e-17%)


*******************************************************************************
Sat Apr 18 13:09:47 2026


FIT:    data read from '++' using (0):(0)
        format = x:z
        x range restricted to [-3.00000 : 50.0000]
        #datapoints = 20000
        residuals are weighted equally (unit weight)

function used for fitting: g(x)
	g(x) = f1(x0) - yval
	f1(x) = 6.6*(0.5)**(x/14)
fitted parameters initialized with current variable values

iter      chisq       delta/lim  lambda   x0           
   0 6.4667212902e-01   0.00e+00  1.89e+00    3.800000e+01
   6 9.8607613153e-28   0.00e+00  1.89e+01    3.811452e+01

After 6 iterations the fit converged.
final sum of squares of residuals : 9.86076e-28
rel. change during last iteration : 0

degrees of freedom    (FIT_NDF)                        : 19999
rms of residuals      (FIT_STDFIT) = sqrt(WSSR/ndf)    : 2.2205e-16
variance of residuals (reduced chisquare) = WSSR/ndf   : 4.93063e-32

Final set of parameters            Asymptotic Standard Error
=======================            ==========================
x0              = 38.1145          +/- 3.174e-17    (8.328e-17%)


*******************************************************************************
Sat Apr 18 13:10:00 2026


FIT:    data read from '++' using (0):(0)
        format = x:z
        x range restricted to [-3.00000 : 50.0000]
        #datapoints = 20000
        residuals are weighted equally (unit weight)

function used for fitting: g(x)
	g(x) = f1(x0) - yval
	f1(x) = 6.6*(0.5)**(x/14)
fitted parameters initialized with current variable values

iter      chisq       delta/lim  lambda   x0           
   0 6.4667212902e-01   0.00e+00  1.89e+00    3.800000e+01
   6 9.8607613153e-28   0.00e+00  1.89e+01    3.811452e+01

After 6 iterations the fit converged.
final sum of squares of residuals : 9.86076e-28
rel. change during last iteration : 0

degrees of freedom    (FIT_NDF)                        : 19999
rms of residuals      (FIT_STDFIT) = sqrt(WSSR/ndf)    : 2.2205e-16
variance of residuals (reduced chisquare) = WSSR/ndf   : 4.93063e-32

Final set of parameters            Asymptotic Standard Error
=======================            ==========================
x0              = 38.1145          +/- 3.174e-17    (8.328e-17%)


*******************************************************************************
Sat Apr 18 13:10:05 2026


FIT:    data read from '++' using (0):(0)
        format = x:z
        x range restricted to [-3.00000 : 50.0000]
        #datapoints = 20000
        residuals are weighted equally (unit weight)

function used for fitting: g(x)
	g(x) = f1(x0) - yval
	f1(x) = 6.6*(0.5)**(x/14)
fitted parameters initialized with current variable values

iter      chisq       delta/lim  lambda   x0           
   0 6.4667212902e-01   0.00e+00  1.89e+00    3.800000e+01
   6 9.8607613153e-28   0.00e+00  1.89e+01    3.811452e+01

After 6 iterations the fit converged.
final sum of squares of residuals : 9.86076e-28
rel. change during last iteration : 0

degrees of freedom    (FIT_NDF)                        : 19999
rms of residuals      (FIT_STDFIT) = sqrt(WSSR/ndf)    : 2.2205e-16
variance of residuals (reduced chisquare) = WSSR/ndf   : 4.93063e-32

Final set of parameters            Asymptotic Standard Error
=======================            ==========================
x0              = 38.1145          +/- 3.174e-17    (8.328e-17%)


*******************************************************************************
Sat Apr 18 13:10:18 2026


FIT:    data read from '++' using (0):(0)
        format = x:z
        x range restricted to [-3.00000 : 50.0000]
        #datapoints = 20000
        residuals are weighted equally (unit weight)

function used for fitting: g(x)
	g(x) = f1(x0) - yval
	f1(x) = 6.6*(0.5)**(x/14)
fitted parameters initialized with current variable values

iter      chisq       delta/lim  lambda   x0           
   0 6.4667212902e-01   0.00e+00  1.89e+00    3.800000e+01
   6 9.8607613153e-28   0.00e+00  1.89e+01    3.811452e+01

After 6 iterations the fit converged.
final sum of squares of residuals : 9.86076e-28
rel. change during last iteration : 0

degrees of freedom    (FIT_NDF)                        : 19999
rms of residuals      (FIT_STDFIT) = sqrt(WSSR/ndf)    : 2.2205e-16
variance of residuals (reduced chisquare) = WSSR/ndf   : 4.93063e-32

Final set of parameters            Asymptotic Standard Error
=======================            ==========================
x0              = 38.1145          +/- 3.174e-17    (8.328e-17%)


*******************************************************************************
Sat Apr 18 13:11:44 2026


FIT:    data read from '++' using (0):(0)
        format = x:z
        x range restricted to [-3.00000 : 50.0000]
        #datapoints = 20000
        residuals are weighted equally (unit weight)

function used for fitting: g(x)
	g(x) = f1(x0) - yval
	f1(x) = 6.6*(0.5)**(x/14)
fitted parameters initialized with current variable values

iter      chisq       delta/lim  lambda   x0           
   0 6.4667212902e-01   0.00e+00  1.89e+00    3.800000e+01
   6 9.8607613153e-28   0.00e+00  1.89e+01    3.811452e+01

After 6 iterations the fit converged.
final sum of squares of residuals : 9.86076e-28
rel. change during last iteration : 0

degrees of freedom    (FIT_NDF)                        : 19999
rms of residuals      (FIT_STDFIT) = sqrt(WSSR/ndf)    : 2.2205e-16
variance of residuals (reduced chisquare) = WSSR/ndf   : 4.93063e-32

Final set of parameters            Asymptotic Standard Error
=======================            ==========================
x0              = 38.1145          +/- 3.174e-17    (8.328e-17%)


*******************************************************************************
Sat Apr 18 13:12:33 2026


FIT:    data read from '++' using (0):(0)
        format = x:z
        x range restricted to [-3.00000 : 50.0000]
        #datapoints = 20000
        residuals are weighted equally (unit weight)

function used for fitting: g(x)
	g(x) = f1(x0) - yval
	f1(x) = 6.6*(0.5)**(x/14)
fitted parameters initialized with current variable values

iter      chisq       delta/lim  lambda   x0           
   0 6.4667212902e-01   0.00e+00  1.89e+00    3.800000e+01
   6 9.8607613153e-28   0.00e+00  1.89e+01    3.811452e+01

After 6 iterations the fit converged.
final sum of squares of residuals : 9.86076e-28
rel. change during last iteration : 0

degrees of freedom    (FIT_NDF)                        : 19999
rms of residuals      (FIT_STDFIT) = sqrt(WSSR/ndf)    : 2.2205e-16
variance of residuals (reduced chisquare) = WSSR/ndf   : 4.93063e-32

Final set of parameters            Asymptotic Standard Error
=======================            ==========================
x0              = 38.1145          +/- 3.174e-17    (8.328e-17%)


*******************************************************************************
Sat Apr 18 13:13:35 2026


FIT:    data read from '++' using (0):(0)
        format = x:z
        x range restricted to [-3.00000 : 50.0000]
        #datapoints = 20000
        residuals are weighted equally (unit weight)

function used for fitting: g(x)
	g(x) = f1(x0) - yval
	f1(x) = 6.6*(0.5)**(x/14)
fitted parameters initialized with current variable values

iter      chisq       delta/lim  lambda   x0           
   0 6.4667212902e-01   0.00e+00  1.89e+00    3.800000e+01
   6 9.8607613153e-28   0.00e+00  1.89e+01    3.811452e+01

After 6 iterations the fit converged.
final sum of squares of residuals : 9.86076e-28
rel. change during last iteration : 0

degrees of freedom    (FIT_NDF)                        : 19999
rms of residuals      (FIT_STDFIT) = sqrt(WSSR/ndf)    : 2.2205e-16
variance of residuals (reduced chisquare) = WSSR/ndf   : 4.93063e-32

Final set of parameters            Asymptotic Standard Error
=======================            ==========================
x0              = 38.1145          +/- 3.174e-17    (8.328e-17%)


*******************************************************************************
Sat Apr 18 13:13:56 2026


FIT:    data read from '++' using (0):(0)
        format = x:z
        x range restricted to [-3.00000 : 50.0000]
        #datapoints = 20000
        residuals are weighted equally (unit weight)

function used for fitting: g(x)
	g(x) = f1(x0) - yval
	f1(x) = 6.6*(0.5)**(x/14)
fitted parameters initialized with current variable values

iter      chisq       delta/lim  lambda   x0           
   0 6.4667212902e-01   0.00e+00  1.89e+00    3.800000e+01
   6 9.8607613153e-28   0.00e+00  1.89e+01    3.811452e+01

After 6 iterations the fit converged.
final sum of squares of residuals : 9.86076e-28
rel. change during last iteration : 0

degrees of freedom    (FIT_NDF)                        : 19999
rms of residuals      (FIT_STDFIT) = sqrt(WSSR/ndf)    : 2.2205e-16
variance of residuals (reduced chisquare) = WSSR/ndf   : 4.93063e-32

Final set of parameters            Asymptotic Standard Error
=======================            ==========================
x0              = 38.1145          +/- 3.174e-17    (8.328e-17%)


*******************************************************************************
Sat Apr 18 13:14:34 2026


FIT:    data read from '++' using (0):(0)
        format = x:z
        x range restricted to [-3.00000 : 50.0000]
        #datapoints = 20000
        residuals are weighted equally (unit weight)

function used for fitting: g(x)
	g(x) = f1(x0) - yval
	f1(x) = 6.6*(0.5)**(x/14)
fitted parameters initialized with current variable values

iter      chisq       delta/lim  lambda   x0           
   0 6.4667212902e-01   0.00e+00  1.89e+00    3.800000e+01
   6 9.8607613153e-28   0.00e+00  1.89e+01    3.811452e+01

After 6 iterations the fit converged.
final sum of squares of residuals : 9.86076e-28
rel. change during last iteration : 0

degrees of freedom    (FIT_NDF)                        : 19999
rms of residuals      (FIT_STDFIT) = sqrt(WSSR/ndf)    : 2.2205e-16
variance of residuals (reduced chisquare) = WSSR/ndf   : 4.93063e-32

Final set of parameters            Asymptotic Standard Error
=======================            ==========================
x0              = 38.1145          +/- 3.174e-17    (8.328e-17%)


*******************************************************************************
Sat Apr 18 13:15:14 2026


FIT:    data read from '++' using (0):(0)
        format = x:z
        x range restricted to [-3.00000 : 50.0000]
        #datapoints = 20000
        residuals are weighted equally (unit weight)

function used for fitting: g(x)
	g(x) = f1(x0) - yval
	f1(x) = 6.6*(0.5)**(x/14)
fitted parameters initialized with current variable values

iter      chisq       delta/lim  lambda   x0           
   0 6.4667212902e-01   0.00e+00  1.89e+00    3.800000e+01
   6 9.8607613153e-28   0.00e+00  1.89e+01    3.811452e+01

After 6 iterations the fit converged.
final sum of squares of residuals : 9.86076e-28
rel. change during last iteration : 0

degrees of freedom    (FIT_NDF)                        : 19999
rms of residuals      (FIT_STDFIT) = sqrt(WSSR/ndf)    : 2.2205e-16
variance of residuals (reduced chisquare) = WSSR/ndf   : 4.93063e-32

Final set of parameters            Asymptotic Standard Error
=======================            ==========================
x0              = 38.1145          +/- 3.174e-17    (8.328e-17%)


*******************************************************************************
Sat Apr 18 13:16:21 2026


FIT:    data read from '++' using (0):(0)
        format = x:z
        x range restricted to [-3.00000 : 50.0000]
        #datapoints = 20000
        residuals are weighted equally (unit weight)

function used for fitting: g(x)
	g(x) = f1(x0) - yval
	f1(x) = 6.6*(0.5)**(x/14)
fitted parameters initialized with current variable values

iter      chisq       delta/lim  lambda   x0           
   0 6.4667212902e-01   0.00e+00  1.89e+00    3.800000e+01
   6 9.8607613153e-28   0.00e+00  1.89e+01    3.811452e+01

After 6 iterations the fit converged.
final sum of squares of residuals : 9.86076e-28
rel. change during last iteration : 0

degrees of freedom    (FIT_NDF)                        : 19999
rms of residuals      (FIT_STDFIT) = sqrt(WSSR/ndf)    : 2.2205e-16
variance of residuals (reduced chisquare) = WSSR/ndf   : 4.93063e-32

Final set of parameters            Asymptotic Standard Error
=======================            ==========================
x0              = 38.1145          +/- 3.174e-17    (8.328e-17%)


*******************************************************************************
Sat Apr 18 13:17:53 2026


FIT:    data read from '++' using (0):(0)
        format = x:z
        x range restricted to [-3.00000 : 50.0000]
        #datapoints = 20000
        residuals are weighted equally (unit weight)

function used for fitting: g(x)
	g(x) = f1(x0) - yval
	f1(x) = 6.6*(0.5)**(x/14)
fitted parameters initialized with current variable values

iter      chisq       delta/lim  lambda   x0           
   0 6.4667212902e-01   0.00e+00  1.89e+00    3.800000e+01
   6 9.8607613153e-28   0.00e+00  1.89e+01    3.811452e+01

After 6 iterations the fit converged.
final sum of squares of residuals : 9.86076e-28
rel. change during last iteration : 0

degrees of freedom    (FIT_NDF)                        : 19999
rms of residuals      (FIT_STDFIT) = sqrt(WSSR/ndf)    : 2.2205e-16
variance of residuals (reduced chisquare) = WSSR/ndf   : 4.93063e-32

Final set of parameters            Asymptotic Standard Error
=======================            ==========================
x0              = 38.1145          +/- 3.174e-17    (8.328e-17%)


*******************************************************************************
Sat Apr 18 13:18:07 2026


FIT:    data read from '++' using (0):(0)
        format = x:z
        x range restricted to [-3.00000 : 50.0000]
        #datapoints = 20000
        residuals are weighted equally (unit weight)

function used for fitting: g(x)
	g(x) = f1(x0) - yval
	f1(x) = 6.6*(0.5)**(x/14)
fitted parameters initialized with current variable values

iter      chisq       delta/lim  lambda   x0           
   0 6.4667212902e-01   0.00e+00  1.89e+00    3.800000e+01
   6 9.8607613153e-28   0.00e+00  1.89e+01    3.811452e+01

After 6 iterations the fit converged.
final sum of squares of residuals : 9.86076e-28
rel. change during last iteration : 0

degrees of freedom    (FIT_NDF)                        : 19999
rms of residuals      (FIT_STDFIT) = sqrt(WSSR/ndf)    : 2.2205e-16
variance of residuals (reduced chisquare) = WSSR/ndf   : 4.93063e-32

Final set of parameters            Asymptotic Standard Error
=======================            ==========================
x0              = 38.1145          +/- 3.174e-17    (8.328e-17%)


*******************************************************************************
Sat Apr 18 13:18:54 2026


FIT:    data read from '++' using (0):(0)
        format = x:z
        x range restricted to [-3.00000 : 50.0000]
        #datapoints = 20000
        residuals are weighted equally (unit weight)

function used for fitting: g(x)
	g(x) = f1(x0) - yval
	f1(x) = 6.6*(0.5)**(x/14)
fitted parameters initialized with current variable values

iter      chisq       delta/lim  lambda   x0           
   0 6.4667212902e-01   0.00e+00  1.89e+00    3.800000e+01
   6 9.8607613153e-28   0.00e+00  1.89e+01    3.811452e+01

After 6 iterations the fit converged.
final sum of squares of residuals : 9.86076e-28
rel. change during last iteration : 0

degrees of freedom    (FIT_NDF)                        : 19999
rms of residuals      (FIT_STDFIT) = sqrt(WSSR/ndf)    : 2.2205e-16
variance of residuals (reduced chisquare) = WSSR/ndf   : 4.93063e-32


Final set of parameters            Asymptotic Standard Error
=======================            ==========================
x0              = 38.1145          +/- 3.174e-17    (8.328e-17%)

